2021/10/12 08:23:38 [notice] 1#1: using the "epoll" event method
2021/10/12 08:23:38 [notice] 1#1: nginx/1.21.0
2021/10/12 08:23:38 [notice] 1#1: built by gcc 10.2.1 20201203 (Alpine 10.2.1_pre1) 
2021/10/12 08:23:38 [notice] 1#1: OS: Linux 5.4.72-microsoft-standard-WSL2
2021/10/12 08:23:38 [notice] 1#1: getrlimit(RLIMIT_NOFILE): 1048576:1048576
2021/10/12 08:23:38 [notice] 1#1: start worker processes
2021/10/12 08:23:38 [notice] 1#1: start worker process 32
2021/10/12 08:23:38 [notice] 1#1: start worker process 33
2021/10/12 08:23:38 [notice] 1#1: start worker process 34
2021/10/12 08:23:38 [notice] 1#1: start worker process 35
2021/10/12 08:26:05 [notice] 1#1: signal 3 (SIGQUIT) received, shutting down
2021/10/12 08:26:05 [notice] 32#32: gracefully shutting down
2021/10/12 08:26:05 [notice] 34#34: gracefully shutting down
2021/10/12 08:26:05 [notice] 34#34: exiting
2021/10/12 08:26:05 [notice] 35#35: gracefully shutting down
2021/10/12 08:26:05 [notice] 35#35: exiting
2021/10/12 08:26:05 [notice] 33#33: gracefully shutting down
2021/10/12 08:26:05 [notice] 34#34: exit
2021/10/12 08:26:05 [notice] 32#32: exiting
2021/10/12 08:26:05 [notice] 32#32: exit
2021/10/12 08:26:05 [notice] 35#35: exit
2021/10/12 08:26:05 [notice] 33#33: exiting
2021/10/12 08:26:05 [notice] 33#33: exit
2021/10/12 08:26:05 [notice] 1#1: signal 17 (SIGCHLD) received from 34
2021/10/12 08:26:05 [notice] 1#1: worker process 33 exited with code 0
2021/10/12 08:26:05 [notice] 1#1: worker process 34 exited with code 0
2021/10/12 08:26:05 [notice] 1#1: signal 29 (SIGIO) received
2021/10/12 08:26:05 [notice] 1#1: signal 17 (SIGCHLD) received from 32
2021/10/12 08:26:05 [notice] 1#1: worker process 32 exited with code 0
2021/10/12 08:26:05 [notice] 1#1: worker process 35 exited with code 0
2021/10/12 08:26:05 [notice] 1#1: exit
2021/10/12 08:26:13 [notice] 1#1: using the "epoll" event method
2021/10/12 08:26:13 [notice] 1#1: nginx/1.21.0
2021/10/12 08:26:13 [notice] 1#1: built by gcc 10.2.1 20201203 (Alpine 10.2.1_pre1) 
2021/10/12 08:26:13 [notice] 1#1: OS: Linux 5.4.72-microsoft-standard-WSL2
2021/10/12 08:26:13 [notice] 1#1: getrlimit(RLIMIT_NOFILE): 1048576:1048576
2021/10/12 08:26:13 [notice] 1#1: start worker processes
2021/10/12 08:26:13 [notice] 1#1: start worker process 32
2021/10/12 08:26:13 [notice] 1#1: start worker process 33
2021/10/12 08:26:13 [notice] 1#1: start worker process 34
2021/10/12 08:26:13 [notice] 1#1: start worker process 35
2021/10/12 08:38:42 [warn] 32#32: *5 an upstream response is buffered to a temporary file /var/cache/nginx/fastcgi_temp/1/00/0000000001 while reading upstream, client: 172.19.0.1, server: , request: "GET /api/v1/user/me HTTP/1.1", upstream: "fastcgi://172.19.0.3:9000", host: "localhost:8000"
2021/10/12 08:45:19 [notice] 1#1: signal 3 (SIGQUIT) received, shutting down
2021/10/12 08:45:19 [notice] 32#32: gracefully shutting down
2021/10/12 08:45:19 [notice] 35#35: gracefully shutting down
2021/10/12 08:45:19 [notice] 32#32: exiting
2021/10/12 08:45:19 [notice] 33#33: gracefully shutting down
2021/10/12 08:45:19 [notice] 32#32: exit
2021/10/12 08:45:19 [notice] 33#33: exiting
2021/10/12 08:45:19 [notice] 35#35: exiting
2021/10/12 08:45:19 [notice] 34#34: gracefully shutting down
2021/10/12 08:45:19 [notice] 35#35: exit
2021/10/12 08:45:19 [notice] 33#33: exit
2021/10/12 08:45:19 [notice] 34#34: exiting
2021/10/12 08:45:19 [notice] 34#34: exit
2021/10/12 08:45:19 [notice] 1#1: signal 17 (SIGCHLD) received from 32
2021/10/12 08:45:19 [notice] 1#1: worker process 32 exited with code 0
2021/10/12 08:45:19 [notice] 1#1: worker process 34 exited with code 0
2021/10/12 08:45:19 [notice] 1#1: signal 29 (SIGIO) received
2021/10/12 08:45:19 [notice] 1#1: signal 17 (SIGCHLD) received from 35
2021/10/12 08:45:19 [notice] 1#1: worker process 33 exited with code 0
2021/10/12 08:45:19 [notice] 1#1: worker process 35 exited with code 0
2021/10/12 08:45:19 [notice] 1#1: exit
2021/10/12 08:46:07 [notice] 1#1: using the "epoll" event method
2021/10/12 08:46:07 [notice] 1#1: nginx/1.21.0
2021/10/12 08:46:07 [notice] 1#1: built by gcc 10.2.1 20201203 (Alpine 10.2.1_pre1) 
2021/10/12 08:46:07 [notice] 1#1: OS: Linux 5.4.72-microsoft-standard-WSL2
2021/10/12 08:46:07 [notice] 1#1: getrlimit(RLIMIT_NOFILE): 1048576:1048576
2021/10/12 08:46:07 [notice] 1#1: start worker processes
2021/10/12 08:46:07 [notice] 1#1: start worker process 32
2021/10/12 08:46:07 [notice] 1#1: start worker process 33
2021/10/12 08:46:07 [notice] 1#1: start worker process 34
2021/10/12 08:46:07 [notice] 1#1: start worker process 35
